<?xml version="1.0" encoding="UTF-8"?>
<coverage generated="1771456801363" clover="3.2.0">
  <project timestamp="1771456801363" name="All files">
    <metrics statements="29" coveredstatements="28" conditionals="7" coveredconditionals="6" methods="11" coveredmethods="10" elements="47" coveredelements="44" complexity="0" loc="29" ncloc="29" packages="3" files="5" classes="5"/>
    <package name="src">
      <metrics statements="11" coveredstatements="11" conditionals="2" coveredconditionals="1" methods="3" coveredmethods="3"/>
      <file name="FirstStepsApp.tsx" path="D:\Programacion\Cursos-DevTalles\React_De-cero-a-experto\02-first-steps\src\FirstStepsApp.tsx">
        <metrics statements="3" coveredstatements="3" conditionals="0" coveredconditionals="0" methods="2" coveredmethods="2"/>
        <line num="8" count="1" type="stmt"/>
        <line num="15" count="3" type="stmt"/>
        <line num="19" count="9" type="stmt"/>
      </file>
      <file name="MyAwesomeApp.tsx" path="D:\Programacion\Cursos-DevTalles\React_De-cero-a-experto\02-first-steps\src\MyAwesomeApp.tsx">
        <metrics statements="8" coveredstatements="8" conditionals="2" coveredconditionals="1" methods="1" coveredmethods="1"/>
        <line num="3" count="1" type="stmt"/>
        <line num="4" count="1" type="stmt"/>
        <line num="6" count="1" type="stmt"/>
        <line num="7" count="1" type="stmt"/>
        <line num="9" count="1" type="stmt"/>
        <line num="14" count="1" type="stmt"/>
        <line num="21" count="1" type="stmt"/>
        <line num="22" count="3" type="stmt"/>
      </file>
    </package>
    <package name="src.helpers">
      <metrics statements="8" coveredstatements="8" conditionals="0" coveredconditionals="0" methods="4" coveredmethods="4"/>
      <file name="math.helper.ts" path="D:\Programacion\Cursos-DevTalles\React_De-cero-a-experto\02-first-steps\src\helpers\math.helper.ts">
        <metrics statements="8" coveredstatements="8" conditionals="0" coveredconditionals="0" methods="4" coveredmethods="4"/>
        <line num="1" count="1" type="stmt"/>
        <line num="2" count="2" type="stmt"/>
        <line num="5" count="1" type="stmt"/>
        <line num="6" count="2" type="stmt"/>
        <line num="9" count="1" type="stmt"/>
        <line num="10" count="2" type="stmt"/>
        <line num="13" count="1" type="stmt"/>
        <line num="14" count="1" type="stmt"/>
      </file>
    </package>
    <package name="src.shopping-cart">
      <metrics statements="10" coveredstatements="9" conditionals="5" coveredconditionals="5" methods="4" coveredmethods="3"/>
      <file name="ItemCounter.module.css" path="D:\Programacion\Cursos-DevTalles\React_De-cero-a-experto\02-first-steps\src\shopping-cart\ItemCounter.module.css">
        <metrics statements="0" coveredstatements="0" conditionals="0" coveredconditionals="0" methods="0" coveredmethods="0"/>
      </file>
      <file name="ItemCounter.tsx" path="D:\Programacion\Cursos-DevTalles\React_De-cero-a-experto\02-first-steps\src\shopping-cart\ItemCounter.tsx">
        <metrics statements="10" coveredstatements="9" conditionals="5" coveredconditionals="5" methods="4" coveredmethods="3"/>
        <line num="11" count="1" type="cond" truecount="1" falsecount="0"/>
        <line num="12" count="9" type="stmt"/>
        <line num="14" count="9" type="stmt"/>
        <line num="15" count="1" type="stmt"/>
        <line num="18" count="9" type="stmt"/>
        <line num="19" count="2" type="cond" truecount="2" falsecount="0"/>
        <line num="20" count="1" type="stmt"/>
        <line num="23" count="9" type="stmt"/>
        <line num="24" count="0" type="stmt"/>
        <line num="27" count="9" type="stmt"/>
      </file>
    </package>
  </project>
</coverage>
